<?xml version="1.0"?>
<testsuites>
  <testsuite name="Chrome 30.0.1599 (Windows)" package="undefined" timestamp="2013-11-02T18:15:14" id="0" hostname="CedarIsle" tests="1" errors="1" failures="1" time="0.001">
    <properties>
      <property name="browser.fullName" value="Mozilla/5.0 (Windows NT 6.3; WOW64) AppleWebKit/537.36 (KHTML, like Gecko) Chrome/30.0.1599.101 Safari/537.36"/>
    </properties>
    <testcase name="encountered a declaration exception" time="0.001" classname="Chrome 30.0.1599 (Windows).calculator">
      <failure type="">ReferenceError: inject is not defined
    at null.&lt;anonymous&gt; (C:/Src/Git/JsObjects/JavaScript/Design/AngularCalculator/Test01.js:6:13)
    at C:/Src/Git/JsObjects/JavaScript/Design/AngularCalculator/Test01.js:2:1
</failure>
    </testcase>
    <system-out><![CDATA[Chrome 30.0.1599 (Windows) ERROR
	Uncaught TypeError: Cannot read property 'length' of null
	at C:/Src/Git/JsObjects/JavaScript/Design/AngularCalculator/node_modules/karma-jasmine/lib/jasmine.js:2518

]]></system-out>
    <system-err/>
  </testsuite>
</testsuites>
