<?xml version="1.0"?>
<testsuites>
  <testsuite name="Chrome 31.0.1650 (Windows)" package="undefined" timestamp="2013-11-17T20:30:27" id="0" hostname="MountainStreams" tests="4" errors="0" failures="0" time="0.031">
  <testcase name="Test load json damage" time="0" classname="Chrome 31.0.1650 (Windows).mycontrollertest"/>
    <system-out><![CDATA[
]]></system-out>
    <system-err/>
  </testsuite>
</testsuites>
