<?xml version="1.0"?>
<testsuites>
  <testsuite name="Chrome 30.0.1599 (Windows)" package="undefined" timestamp="2013-11-07T01:12:59" id="0" hostname="MountainStreams" tests="4" errors="0" failures="1" time="0.037">
    <properties>
      <property name="browser.fullName" value="Mozilla/5.0 (Windows NT 6.3; WOW64) AppleWebKit/537.36 (KHTML, like Gecko) Chrome/30.0.1599.101 Safari/537.36"/>
    </properties>
    <testcase name="Check Name" time="0.031" classname="Chrome 30.0.1599 (Windows).ElfController"/>
    <testcase name="Check ElfGame Width" time="0.003" classname="Chrome 30.0.1599 (Windows).GameBoard"/>
    <testcase name="Test method to get the width of the playing field" time="0.002" classname="Chrome 30.0.1599 (Windows).GameBoard">
      <failure type="">Expected 576 to equal 577.
Error: Expected 576 to equal 577.
    at null.&lt;anonymous&gt; (C:/Users/Charlie/Documents/GitHub/JsObjects/JavaScript/Games/Crafty03/TestElfGame.js:44:18)
    at Object.invoke (C:/Users/Charlie/Documents/GitHub/JsObjects/JavaScript/Games/Crafty03/Library/angular.js:3374:28)
    at workFn (C:/Users/Charlie/Documents/GitHub/JsObjects/JavaScript/Games/Crafty03/Library/angular-mocks.js:1778:20)
</failure>
    </testcase>
    <testcase name="Test method to get the height of the playing field" time="0.001" classname="Chrome 30.0.1599 (Windows).GameBoard"/>
    <system-out><![CDATA[
]]></system-out>
    <system-err/>
  </testsuite>
</testsuites>
